
Currently Loaded Modules:
  1) autotools      3) prun/2.3       5) ucx/1.18.1       7) hpcfund
  2) cmake/3.25.2   4) gnu12/12.2.0   6) openmpi4/4.1.8   8) rocm/6.4.1

 


----------------------------------------------------------------------
Omnistat Report Card for Job Id: 258388
----------------------------------------------------------------------

Job Overview (Num Nodes = 1, Machine = HPC Fund)
 --> Start time = 2025-12-29 16:25:03
 --> End   time = 2025-12-30 01:34:33
 --> Duration   = 32970 secs

GPU Statistics:

           | Utilization (%)  |  Memory Use (%)  | Temperature (C)  |    Power (W)     | Energy (kWh) |
     GPU # |    Max     Mean  |    Max     Mean  |    Max     Mean  |    Max     Mean  |    Total     |
    ---------------------------------------------------------------------------------------------------
         0 |  100.00   30.27  |   91.03   29.22  |   54.00   39.61  |  231.00   90.52  |   8.29e-01   |
         1 |  100.00   12.40  |   91.03   12.20  |   61.00   43.31  |  212.00   61.42  |   5.63e-01   |
         2 |  100.00   84.59  |   91.03   90.80  |   54.00   49.05  |  259.00  160.00  |   1.47e+00   |
         3 |    0.00    0.00  |    0.02    0.02  |   34.00   32.24  |   41.00   40.14  |   3.68e-01   |

Approximate Total GPU Energy Consumed = 3.23e+00 kWh

--
Query interval = 30.000 secs
Query execution time = 1.2 secs
Version = 1.8.0
