
Currently Loaded Modules:
  1) autotools      3) prun/2.3       5) ucx/1.18.1       7) hpcfund
  2) cmake/3.25.2   4) gnu12/12.2.0   6) openmpi4/4.1.8   8) rocm/6.4.1

 


----------------------------------------------------------------------
Omnistat Report Card for Job Id: 258329
----------------------------------------------------------------------

Job Overview (Num Nodes = 1, Machine = HPC Fund)
 --> Start time = 2025-12-29 13:49:03
 --> End   time = 2025-12-29 13:58:03
 --> Duration   = 540 secs

GPU Statistics:

           | Utilization (%)  |  Memory Use (%)  | Temperature (C)  |    Power (W)     | Energy (kWh) |
     GPU # |    Max     Mean  |    Max     Mean  |    Max     Mean  |    Max     Mean  |    Total     |
    ---------------------------------------------------------------------------------------------------
         0 |    0.00    0.00  |   26.34    1.40  |   37.00   35.68  |   44.00   42.37  |   6.35e-03   |
         1 |    0.00    0.00  |   91.20   73.39  |   46.00   43.42  |   42.00   41.05  |   6.16e-03   |
         2 |    1.00    0.05  |   91.02   68.36  |   38.00   36.05  |   44.00   42.89  |   6.43e-03   |
         3 |    0.00    0.00  |    0.02    0.02  |   36.00   34.16  |   40.00   40.00  |   6.00e-03   |

Approximate Total GPU Energy Consumed = 2.49e-02 kWh

--
Query interval = 30.000 secs
Query execution time = 0.2 secs
Version = 1.8.0
