
Currently Loaded Modules:
  1) autotools      3) prun/2.3       5) ucx/1.18.1       7) hpcfund
  2) cmake/3.25.2   4) gnu12/12.2.0   6) openmpi4/4.1.8   8) rocm/6.4.1

 


----------------------------------------------------------------------
Omnistat Report Card for Job Id: 258522
----------------------------------------------------------------------

Job Overview (Num Nodes = 1, Machine = HPC Fund)
 --> Start time = 2025-12-30 14:53:19
 --> End   time = 2025-12-30 17:13:19
 --> Duration   = 8400 secs

GPU Statistics:

           | Utilization (%)  |  Memory Use (%)  | Temperature (C)  |    Power (W)     | Energy (kWh) |
     GPU # |    Max     Mean  |    Max     Mean  |    Max     Mean  |    Max     Mean  |    Total     |
    ---------------------------------------------------------------------------------------------------
         0 |  100.00   93.03  |   90.62   89.41  |   63.00   60.63  |  226.00  200.67  |   4.69e-01   |
         1 |    0.00    0.00  |   90.60   89.08  |   42.00   35.68  |   45.00   43.01  |   1.00e-01   |
         2 |  100.00   62.95  |   90.62   89.41  |   64.00   61.46  |  238.00  201.32  |   4.70e-01   |
         3 |    0.00    0.00  |    0.02    0.02  |   36.00   31.87  |   43.00   42.02  |   9.80e-02   |

Approximate Total GPU Energy Consumed = 1.14e+00 kWh

--
Query interval = 30.000 secs
Query execution time = 0.5 secs
Version = 1.8.0
