
Currently Loaded Modules:
  1) autotools      3) prun/2.3       5) ucx/1.18.1       7) hpcfund
  2) cmake/3.25.2   4) gnu12/12.2.0   6) openmpi4/4.1.8   8) rocm/6.4.1

 


----------------------------------------------------------------------
Omnistat Report Card for Job Id: 258488
----------------------------------------------------------------------

Job Overview (Num Nodes = 1, Machine = HPC Fund)
 --> Start time = 2025-12-30 02:09:58
 --> End   time = 2025-12-30 02:20:28
 --> Duration   = 630 secs

GPU Statistics:

           | Utilization (%)  |  Memory Use (%)  | Temperature (C)  |    Power (W)     | Energy (kWh) |
     GPU # |    Max     Mean  |    Max     Mean  |    Max     Mean  |    Max     Mean  |    Total     |
    ---------------------------------------------------------------------------------------------------
         0 |    0.00    0.00  |   90.68   76.50  |   45.00   43.41  |   41.00   40.05  |   7.01e-03   |
         1 |   97.00    4.41  |   90.68   76.51  |   41.00   39.36  |   61.00   42.95  |   7.52e-03   |
         2 |    0.00    0.00  |   90.60   71.13  |   46.00   43.18  |   47.00   45.68  |   8.00e-03   |
         3 |    0.00    0.00  |    0.02    0.02  |   42.00   39.91  |   45.00   45.00  |   7.88e-03   |

Approximate Total GPU Energy Consumed = 3.04e-02 kWh

--
Query interval = 30.000 secs
Query execution time = 0.2 secs
Version = 1.8.0
