
Currently Loaded Modules:
  1) autotools      3) prun/2.3       5) ucx/1.18.1       7) hpcfund
  2) cmake/3.25.2   4) gnu12/12.2.0   6) openmpi4/4.1.8   8) rocm/6.4.1

 


----------------------------------------------------------------------
Omnistat Report Card for Job Id: 258480
----------------------------------------------------------------------

Job Overview (Num Nodes = 1, Machine = HPC Fund)
 --> Start time = 2025-12-30 01:38:19
 --> End   time = 2025-12-30 02:10:49
 --> Duration   = 1950 secs

GPU Statistics:

           | Utilization (%)  |  Memory Use (%)  | Temperature (C)  |    Power (W)     | Energy (kWh) |
     GPU # |    Max     Mean  |    Max     Mean  |    Max     Mean  |    Max     Mean  |    Total     |
    ---------------------------------------------------------------------------------------------------
         0 |    0.00    0.00  |    0.02    0.02  |   39.00   38.32  |   43.00   43.00  |   2.33e-02   |
         1 |    0.00    0.00  |    0.02    0.02  |   42.00   41.48  |   43.00   43.00  |   2.33e-02   |
         2 |    0.00    0.00  |    0.02    0.02  |   41.00   39.98  |   43.00   43.00  |   2.33e-02   |
         3 |    0.00    0.00  |    0.02    0.02  |   34.00   33.82  |   43.00   43.00  |   2.33e-02   |

Approximate Total GPU Energy Consumed = 9.32e-02 kWh

--
Query interval = 30.000 secs
Query execution time = 0.2 secs
Version = 1.8.0
