
Currently Loaded Modules:
  1) autotools      3) prun/2.3       5) ucx/1.18.1       7) hpcfund
  2) cmake/3.25.2   4) gnu12/12.2.0   6) openmpi4/4.1.8   8) rocm/6.4.1

 


----------------------------------------------------------------------
Omnistat Report Card for Job Id: 258547
----------------------------------------------------------------------

Job Overview (Num Nodes = 1, Machine = HPC Fund)
 --> Start time = 2025-12-30 17:11:09
 --> End   time = 2025-12-30 19:13:09
 --> Duration   = 7320 secs

GPU Statistics:

           | Utilization (%)  |  Memory Use (%)  | Temperature (C)  |    Power (W)     | Energy (kWh) |
     GPU # |    Max     Mean  |    Max     Mean  |    Max     Mean  |    Max     Mean  |    Total     |
    ---------------------------------------------------------------------------------------------------
         0 |  100.00   90.09  |   90.62   86.75  |   63.00   60.34  |  224.00  197.70  |   4.03e-01   |
         1 |    0.00    0.00  |   90.60   86.74  |   41.00   35.64  |   45.00   43.06  |   8.76e-02   |
         2 |  100.00   89.97  |   90.62   86.28  |   64.00   61.90  |  230.00  203.29  |   4.15e-01   |
         3 |    0.00    0.00  |    0.02    0.02  |   36.00   31.88  |   43.00   42.06  |   8.55e-02   |

Approximate Total GPU Energy Consumed = 9.91e-01 kWh

--
Query interval = 30.000 secs
Query execution time = 0.4 secs
Version = 1.8.0
