
Currently Loaded Modules:
  1) autotools      3) prun/2.3       5) ucx/1.18.1       7) hpcfund
  2) cmake/3.25.2   4) gnu12/12.2.0   6) openmpi4/4.1.8   8) rocm/6.4.1

 


----------------------------------------------------------------------
Omnistat Report Card for Job Id: 258479
----------------------------------------------------------------------

Job Overview (Num Nodes = 1, Machine = HPC Fund)
 --> Start time = 2025-12-30 01:33:04
 --> End   time = 2025-12-30 01:40:34
 --> Duration   = 450 secs

GPU Statistics:

           | Utilization (%)  |  Memory Use (%)  | Temperature (C)  |    Power (W)     | Energy (kWh) |
     GPU # |    Max     Mean  |    Max     Mean  |    Max     Mean  |    Max     Mean  |    Total     |
    ---------------------------------------------------------------------------------------------------
         0 |    0.00    0.00  |    0.02    0.02  |   52.00   51.56  |   43.00   43.00  |   5.37e-03   |
         1 |    0.00    0.00  |    0.02    0.02  |   56.00   54.75  |   43.00   43.00  |   5.37e-03   |
         2 |    0.00    0.00  |    0.02    0.02  |   52.00   50.56  |   45.00   45.00  |   5.62e-03   |
         3 |    0.00    0.00  |    0.02    0.02  |   52.00   51.06  |   42.00   41.06  |   5.13e-03   |

Approximate Total GPU Energy Consumed = 2.15e-02 kWh

--
Query interval = 30.000 secs
Query execution time = 0.2 secs
Version = 1.8.0
