
Currently Loaded Modules:
  1) autotools      3) prun/2.3       5) ucx/1.18.1       7) hpcfund
  2) cmake/3.25.2   4) gnu12/12.2.0   6) openmpi4/4.1.8   8) rocm/6.4.1

 


----------------------------------------------------------------------
Omnistat Report Card for Job Id: 258568
----------------------------------------------------------------------

Job Overview (Num Nodes = 1, Machine = HPC Fund)
 --> Start time = 2025-12-30 19:12:51
 --> End   time = 2025-12-31 19:15:51
 --> Duration   = 180 secs

GPU Statistics:

           | Utilization (%)  |  Memory Use (%)  | Temperature (C)  |    Power (W)     | Energy (kWh) |
     GPU # |    Max     Mean  |    Max     Mean  |    Max     Mean  |    Max     Mean  |    Total     |
    ---------------------------------------------------------------------------------------------------
         0 |  100.00   95.55  |   90.62   90.53  |   64.00   61.13  |  235.00  197.13  |   4.74e+00   |
         1 |    0.00    0.00  |    0.02    0.02  |   40.00   37.08  |   43.00   42.00  |   1.01e+00   |
         2 |    5.00    0.00  |   90.60   90.52  |   46.00   39.45  |   47.00   46.00  |   1.11e+00   |
         3 |  100.00   94.51  |   90.62   90.50  |   62.00   59.45  |  265.00  207.08  |   4.98e+00   |

Approximate Total GPU Energy Consumed = 1.18e+01 kWh

--
Query interval = 30.000 secs
Query execution time = 2.8 secs
Version = 1.8.0
