
Currently Loaded Modules:
  1) autotools      3) prun/2.3       5) ucx/1.18.1       7) hpcfund
  2) cmake/3.25.2   4) gnu12/12.2.0   6) openmpi4/4.1.8   8) rocm/6.4.1

 


----------------------------------------------------------------------
Omnistat Report Card for Job Id: 258348
----------------------------------------------------------------------

Job Overview (Num Nodes = 1, Machine = HPC Fund)
 --> Start time = 2025-12-29 14:05:09
 --> End   time = 2025-12-29 16:24:09
 --> Duration   = 8340 secs

GPU Statistics:

           | Utilization (%)  |  Memory Use (%)  | Temperature (C)  |    Power (W)     | Energy (kWh) |
     GPU # |    Max     Mean  |    Max     Mean  |    Max     Mean  |    Max     Mean  |    Total     |
    ---------------------------------------------------------------------------------------------------
         0 |  100.00   33.37  |   91.03   90.14  |   54.00   51.52  |  230.00  188.47  |   4.37e-01   |
         1 |  100.00   92.38  |   91.03   90.14  |   62.00   59.86  |  217.00  194.22  |   4.51e-01   |
         2 |  100.00   92.03  |   91.03   89.81  |   53.00   48.87  |  231.00  168.08  |   3.90e-01   |
         3 |    0.00    0.00  |    0.02    0.02  |   36.00   32.14  |   41.00   40.11  |   9.29e-02   |

Approximate Total GPU Energy Consumed = 1.37e+00 kWh

--
Query interval = 30.000 secs
Query execution time = 0.4 secs
Version = 1.8.0
