
Currently Loaded Modules:
  1) autotools      3) prun/2.3       5) ucx/1.18.1       7) hpcfund
  2) cmake/3.25.2   4) gnu12/12.2.0   6) openmpi4/4.1.8   8) rocm/6.4.1

 


----------------------------------------------------------------------
Omnistat Report Card for Job Id: 258346
----------------------------------------------------------------------

Job Overview (Num Nodes = 1, Machine = HPC Fund)
 --> Start time = 2025-12-29 13:57:14
 --> End   time = 2025-12-29 14:06:44
 --> Duration   = 570 secs

GPU Statistics:

           | Utilization (%)  |  Memory Use (%)  | Temperature (C)  |    Power (W)     | Energy (kWh) |
     GPU # |    Max     Mean  |    Max     Mean  |    Max     Mean  |    Max     Mean  |    Total     |
    ---------------------------------------------------------------------------------------------------
         0 |    0.00    0.00  |    0.02    0.02  |   53.00   52.20  |   43.00   43.00  |   6.81e-03   |
         1 |    0.00    0.00  |    0.02    0.02  |   55.00   54.15  |   43.00   43.00  |   6.81e-03   |
         2 |    0.00    0.00  |    0.02    0.02  |   52.00   50.40  |   45.00   45.00  |   7.13e-03   |
         3 |    0.00    0.00  |    0.02    0.02  |   51.00   50.75  |   41.00   41.00  |   6.49e-03   |

Approximate Total GPU Energy Consumed = 2.72e-02 kWh

--
Query interval = 30.000 secs
Query execution time = 0.2 secs
Version = 1.8.0
