
Currently Loaded Modules:
  1) autotools      3) prun/2.3       5) ucx/1.18.1       7) hpcfund
  2) cmake/3.25.2   4) gnu12/12.2.0   6) openmpi4/4.1.8   8) rocm/6.4.1

 


----------------------------------------------------------------------
Omnistat Report Card for Job Id: 258489
----------------------------------------------------------------------

Job Overview (Num Nodes = 1, Machine = HPC Fund)
 --> Start time = 2025-12-30 02:26:40
 --> End   time = 2025-12-30 14:54:40
 --> Duration   = 44880 secs

GPU Statistics:

           | Utilization (%)  |  Memory Use (%)  | Temperature (C)  |    Power (W)     | Energy (kWh) |
     GPU # |    Max     Mean  |    Max     Mean  |    Max     Mean  |    Max     Mean  |    Total     |
    ---------------------------------------------------------------------------------------------------
         0 |  100.00   94.30  |   90.62   90.45  |   55.00   53.34  |  234.00  210.81  |   2.63e+00   |
         1 |    0.00    0.00  |   90.60   90.38  |   46.00   40.27  |   44.00   42.00  |   5.24e-01   |
         2 |  100.00   68.71  |   90.62   90.45  |   56.00   52.89  |  254.00  203.22  |   2.53e+00   |
         3 |    0.00    0.00  |    0.02    0.02  |   34.00   32.02  |   41.00   40.97  |   5.11e-01   |

Approximate Total GPU Energy Consumed = 6.20e+00 kWh

--
Query interval = 30.000 secs
Query execution time = 1.7 secs
Version = 1.8.0
