
Currently Loaded Modules:
  1) autotools      3) prun/2.3       5) ucx/1.18.1       7) hpcfund
  2) cmake/3.25.2   4) gnu12/12.2.0   6) openmpi4/4.1.8   8) rocm/6.4.1

 


----------------------------------------------------------------------
Omnistat Report Card for Job Id: 258194
----------------------------------------------------------------------

Job Overview (Num Nodes = 1, Machine = HPC Fund)
 --> Start time = 2025-12-29 02:26:11
 --> End   time = 2025-12-29 05:28:41
 --> Duration   = 10950 secs

GPU Statistics:

           | Utilization (%)  |  Memory Use (%)  | Temperature (C)  |    Power (W)     | Energy (kWh) |
     GPU # |    Max     Mean  |    Max     Mean  |    Max     Mean  |    Max     Mean  |    Total     |
    ---------------------------------------------------------------------------------------------------
         0 |  100.00   16.85  |   90.31   81.43  |   59.00   54.19  |  213.00  167.21  |   5.10e-01   |
         1 |  100.00   18.29  |   90.31   18.27  |   61.00   46.05  |  215.00   68.94  |   2.10e-01   |
         2 |  100.00   86.19  |   90.32   81.68  |   68.00   62.20  |  221.00  157.28  |   4.79e-01   |
         3 |    0.00    0.00  |    0.02    0.02  |   46.00   43.74  |   41.00   40.14  |   1.22e-01   |

Approximate Total GPU Energy Consumed = 1.32e+00 kWh

--
Query interval = 30.000 secs
Query execution time = 0.6 secs
Version = 1.8.0
